[GIN-debug] [WARNING] You trusted all proxies, this is NOT safe. We recommend you to set a value.
Please check https://pkg.go.dev/github.com/gin-gonic/gin#readme-don-t-trust-all-proxies for details.
[GIN-debug] Listening and serving HTTP on :8081
[GIN-debug] [WARNING] You trusted all proxies, this is NOT safe. We recommend you to set a value.
Please check https://pkg.go.dev/github.com/gin-gonic/gin#readme-don-t-trust-all-proxies for details.
[GIN-debug] Listening and serving HTTP on :8081
[GIN-debug] [WARNING] You trusted all proxies, this is NOT safe. We recommend you to set a value.
Please check https://pkg.go.dev/github.com/gin-gonic/gin#readme-don-t-trust-all-proxies for details.
[GIN-debug] Listening and serving HTTP on :8081
[GIN-debug] [WARNING] You trusted all proxies, this is NOT safe. We recommend you to set a value.
Please check https://pkg.go.dev/github.com/gin-gonic/gin#readme-don-t-trust-all-proxies for details.
[GIN-debug] Listening and serving HTTP on :8081
[GIN-debug] [WARNING] You trusted all proxies, this is NOT safe. We recommend you to set a value.
Please check https://pkg.go.dev/github.com/gin-gonic/gin#readme-don-t-trust-all-proxies for details.
[GIN-debug] Listening and serving HTTP on :8081
[GIN-debug] [WARNING] You trusted all proxies, this is NOT safe. We recommend you to set a value.
Please check https://pkg.go.dev/github.com/gin-gonic/gin#readme-don-t-trust-all-proxies for details.
[GIN-debug] Listening and serving HTTP on :8081
::1 - [2023-08-01T15:31:07.764067+08:00] "GET / HTTP/1.1 404 125ns "Mozilla/5.0 (Macintosh; Intel Mac OS X 10_15_7) AppleWebKit/537.36 (KHTML, like Gecko) Chrome/115.0.0.0 Safari/537.36" "
[GIN-debug] [WARNING] You trusted all proxies, this is NOT safe. We recommend you to set a value.
Please check https://pkg.go.dev/github.com/gin-gonic/gin#readme-don-t-trust-all-proxies for details.
[GIN-debug] Listening and serving HTTP on :8081
::1 - [2023-08-01T15:31:44.56958+08:00] "GET / HTTP/1.1 404 84ns "Mozilla/5.0 (Macintosh; Intel Mac OS X 10_15_7) AppleWebKit/537.36 (KHTML, like Gecko) Chrome/115.0.0.0 Safari/537.36" "
[GIN-debug] [WARNING] You trusted all proxies, this is NOT safe. We recommend you to set a value.
Please check https://pkg.go.dev/github.com/gin-gonic/gin#readme-don-t-trust-all-proxies for details.
[GIN-debug] Listening and serving HTTP on :8081
::1 - [2023-08-01T15:41:37.172443+08:00] "GET / HTTP/1.1 404 42ns "Mozilla/5.0 (Macintosh; Intel Mac OS X 10_15_7) AppleWebKit/537.36 (KHTML, like Gecko) Chrome/115.0.0.0 Safari/537.36" "
[GIN-debug] [WARNING] You trusted all proxies, this is NOT safe. We recommend you to set a value.
Please check https://pkg.go.dev/github.com/gin-gonic/gin#readme-don-t-trust-all-proxies for details.
[GIN-debug] Listening and serving HTTP on :8081
[GIN-debug] [WARNING] You trusted all proxies, this is NOT safe. We recommend you to set a value.
Please check https://pkg.go.dev/github.com/gin-gonic/gin#readme-don-t-trust-all-proxies for details.
[GIN-debug] Listening and serving HTTP on :8081
time="2023-08-01T16:22:55+08:00" level=info msg="Initialize routes..."
time="2023-08-01T16:22:55+08:00" level=info msg="Running server..."
[36mINFO[0m[0000] Initialize routes...                         
[36mINFO[0m[0000] Running server...                            
[36mINFO[0m[2023-08-01T16:25:10+08:00] Initialize routes...                         
[36mINFO[0m[2023-08-01T16:25:10+08:00] Running server...                            
[36mINFO[0m[2023-08-01T17:04:38+08:00]                                               [36mclient_ip[0m="::1" [36mlatency_time[0m=84ns [36mreq_method[0m=GET [36mreq_uri[0m=/ [36mstatus_code[0m=404
[36mINFO[0m[2023-08-01T17:05:01+08:00]                                               [36mclient_ip[0m="::1" [36mlatency_time[0m=42ns [36mreq_method[0m=GET [36mreq_uri[0m=/ [36mstatus_code[0m=404
[36mINFO[0m[2023-08-01T17:05:11+08:00] Initialize routes...                         
[36mINFO[0m[2023-08-01T17:05:11+08:00] Running server...                            
[37mDEBU[0m[2023-08-01T17:05:20+08:00]                                               [37mclient_ip[0m="::1" [37mlatency_time[0m=83ns [37mreq_method[0m=GET [37mreq_uri[0m=/ [37mstatus_code[0m=404
[36mINFO[0m[2023-08-01T17:10:44+08:00] Initialize routes...                         
[36mINFO[0m[2023-08-01T17:10:44+08:00] Running server...                            
[33mWARN[0m[2023-08-01T17:10:47+08:00] 404                                           [33mclient_ip[0m="::1" [33mlatency_time[0m=83ns [33mreq_method[0m=GET [33mreq_uri[0m=/
[37mDEBU[0m[2023-08-01T17:10:47+08:00]                                              
[36mINFO[0m[2023-08-01T17:11:28+08:00] Initialize routes...                         
[36mINFO[0m[2023-08-01T17:11:28+08:00] Running server...                            
[33mWARN[0m[2023-08-01T17:11:32+08:00] 404                                           [33mclient_ip[0m="::1" [33mlatency_time[0m=42ns [33mreq_method[0m=GET [33mreq_uri[0m=/
[33mWARN[0m[2023-08-01T17:12:31+08:00] 404                                           [33mclient_ip[0m=10.246.106.60 [33mlatency_time[0m=208ns [33mreq_method[0m=GET [33mreq_uri[0m=/
[36mINFO[0m[2023-08-01T17:39:15+08:00] Initialize routes...                         
[36mINFO[0m[2023-08-01T17:39:15+08:00] Running server...                            
[33mWARN[0m[2023-08-01T17:50:44+08:00] 404                                           [33mclient_ip[0m="::1" [33mlatency_time[0m=125ns [33mreq_method[0m=GET [33mreq_uri[0m=/api/v1/1
[36mINFO[0m[2023-08-01T17:51:48+08:00] Initialize routes...                         
[36mINFO[0m[2023-08-01T17:51:48+08:00] Running server...                            
[36mINFO[0m[2023-08-01T17:52:18+08:00] Initialize routes...                         
[36mINFO[0m[2023-08-01T17:52:18+08:00] Running server...                            
[36mINFO[0m[2023-08-01T17:53:58+08:00] Initialize routes...                         
[36mINFO[0m[2023-08-01T17:53:58+08:00] Running server...                            
[36mINFO[0m[2023-08-01T17:55:12+08:00] Initialize routes...                         
[36mINFO[0m[2023-08-01T17:55:12+08:00] Running server...                            
[36mINFO[0m[2023-08-01T17:55:32+08:00] Initialize routes...                         
[36mINFO[0m[2023-08-01T17:55:32+08:00] Running server...                            
[36mINFO[0m[2023-08-01T18:01:58+08:00] Initialize routes...                         
[36mINFO[0m[2023-08-01T18:01:58+08:00] Running server...                            
[36mINFO[0m[2023-08-01T18:02:51+08:00] Initialize routes...                         
[36mINFO[0m[2023-08-01T18:02:51+08:00] Running server...                            
[36mINFO[0m[2023-08-01T18:03:19+08:00] Initialize routes...                         
[36mINFO[0m[2023-08-01T18:03:19+08:00] Running server...                            
[36mINFO[0m[2023-08-01T21:26:42+08:00] Initialize routes...                         
[36mINFO[0m[2023-08-01T21:26:42+08:00] Running server...                            
[36mINFO[0m[2023-08-01T21:28:24+08:00] Initialize routes...                         
[36mINFO[0m[2023-08-01T21:28:24+08:00] Running server...                            
[36mINFO[0m[2023-08-01T21:28:29+08:00] Initialize routes...                         
[36mINFO[0m[2023-08-01T21:28:29+08:00] Running server...                            
[36mINFO[0m[2023-08-01T21:28:47+08:00] Initialize routes...                         
[36mINFO[0m[2023-08-01T21:28:47+08:00] Running server...                            
[33mWARN[0m[2023-08-01T21:29:50+08:00] 404                                           [33mclient_ip[0m="::1" [33mlatency_time[0m=333ns [33mreq_method[0m=GET [33mreq_uri[0m=/api/v1/
[36mINFO[0m[2023-08-01T21:32:49+08:00] Initialize routes...                         
[36mINFO[0m[2023-08-01T21:32:49+08:00] Running server...                            
[33mWARN[0m[2023-08-01T21:32:53+08:00] 404                                           [33mclient_ip[0m="::1" [33mlatency_time[0m=83ns [33mreq_method[0m=GET [33mreq_uri[0m=/api/v1/
[33mWARN[0m[2023-08-01T21:33:00+08:00] 404                                           [33mclient_ip[0m="::1" [33mlatency_time[0m=125ns [33mreq_method[0m=GET [33mreq_uri[0m=/api/v1/hellowrold
[36mINFO[0m[2023-08-01T21:35:51+08:00] Initialize routes...                         
[36mINFO[0m[2023-08-01T21:35:51+08:00] Running server...                            
[36mINFO[0m[2023-08-01T21:36:27+08:00] Initialize routes...                         
[36mINFO[0m[2023-08-01T21:36:27+08:00] Running server...                            
[36mINFO[0m[2023-08-01T21:36:53+08:00] Initialize routes...                         
[36mINFO[0m[2023-08-01T21:36:53+08:00] Running server...                            
[36mINFO[0m[2023-08-01T21:37:28+08:00] Initialize routes...                         
[36mINFO[0m[2023-08-01T21:37:28+08:00] Running server...                            
[36mINFO[0m[2023-08-01T22:25:03+08:00] Initialize routes...                         
[36mINFO[0m[2023-08-01T22:25:03+08:00] Running server...                            
[36mINFO[0m[2023-08-01T22:28:44+08:00] Initialize routes...                         
[36mINFO[0m[2023-08-01T22:28:44+08:00] Running server...                            
[36mINFO[0m[2023-08-01T22:29:00+08:00] Initialize routes...                         
[36mINFO[0m[2023-08-01T22:29:00+08:00] Running server...                            
